<?xml version="1.0" encoding="UTF-8"?>
<!-- Generated by org.testng.reporters.JUnitXMLReporter -->
<testsuite ignored="0" hostname="DESKTOP-RGL2CCS" failures="0" tests="26" name="ContactUsPage_UI - Chrome" time="32.661" errors="0" timestamp="2025-09-15T14:35:40 IST">
  <testcase classname="com.ecom.tests.UI_contactus_test" name="TC_Contactus_001_verifyGetInTouchHeader" time="2.963"/>
  <testcase classname="com.ecom.tests.UI_contactus_test" name="TC_Contactus_002_verifyLogoDisplayed" time="0.849"/>
  <testcase classname="com.ecom.tests.UI_contactus_test" name="TC_Contactus_003_verifyGetInTouchEmailDisplayed" time="0.908"/>
  <testcase classname="com.ecom.tests.UI_contactus_test" name="TC_Contactus_004_verifyFormFieldsDisplayed" time="1.073"/>
  <testcase classname="com.ecom.tests.UI_contactus_test" name="TC_Contactus_005_verifyChooseFileAndSubmitDisplayed" time="0.854"/>
  <testcase classname="com.ecom.tests.UI_contactus_test" name="TC_Contactus_006_verifyHomeBtnDisplayed" time="0.927"/>
  <testcase classname="com.ecom.tests.UI_contactus_test" name="TC_Contactus_007_verifyTestCasesBtnDisplayed" time="1.027"/>
  <testcase classname="com.ecom.tests.UI_contactus_test" name="TC_Contactus_008_verifyApiTestingBtnDisplayed" time="1.402"/>
  <testcase classname="com.ecom.tests.UI_contactus_test" name="TC_Contact_009_verifyScrollBarWorking" time="0.843"/>
  <testcase classname="com.ecom.tests.UI_contactus_test" name="TC_Contact_010_verifyScrollToTopArrow" time="1.083"/>
  <testcase classname="com.ecom.tests.UI_contactus_test" name="TC_Contact_011_verifySubscriptionIconDisplayed" time="0.782"/>
  <testcase classname="com.ecom.tests.UI_contactus_test" name="TC_Contact_012_verifySubscriptionWithInvalidEmail" time="1.45"/>
  <testcase classname="com.ecom.tests.UI_contactus_test" name="TC_Contact_013_verifySubscriptionWithEmptyEmail" time="1.15"/>
  <testcase classname="com.ecom.tests.UI_contactus_test" name="TC_Contact_014_verifyGetInTouchHeader" time="0.768"/>
  <testcase classname="com.ecom.tests.UI_contactus_test" name="TC_Contact_015_verifyNameFieldDisplayed" time="0.918"/>
  <testcase classname="com.ecom.tests.UI_contactus_test" name="TC_Contact_016_verifyEmailFieldDisplayed" time="0.912"/>
  <testcase classname="com.ecom.tests.UI_contactus_test" name="TC_Contact_017_verifySubjectFieldDisplayed" time="0.961"/>
  <testcase classname="com.ecom.tests.UI_contactus_test" name="TC_Contact_018_verifyMessageFieldDisplayed" time="1.051"/>
  <testcase classname="com.ecom.tests.UI_contactus_test" name="TC_Contact_019_verifyNameFieldWithValidData" time="1.471"/>
  <testcase classname="com.ecom.tests.UI_contactus_test" name="TC_Contact_020_verifyEmailFieldWithValidData" time="1.05"/>
  <testcase classname="com.ecom.tests.UI_contactus_test" name="TC_Contact_021_verifyEmailFieldEmpty" time="1.133"/>
  <testcase classname="com.ecom.tests.UI_contactus_test" name="TC_Contact_022_verifySubjectFieldWithData" time="1.117"/>
  <testcase classname="com.ecom.tests.UI_contactus_test" name="TC_Contact_023_verifyMessageFieldWithData" time="1.14"/>
  <testcase classname="com.ecom.tests.UI_contactus_test" name="TC_Contact_024_verifyChooseFileButton" time="0.871"/>
  <testcase classname="com.ecom.tests.UI_contactus_test" name="TC_Contact_025_verifySubmitButton" time="0.889"/>
  <testcase classname="com.ecom.tests.UI_contactus_test" name="TC_Contact_026_verifyContactUsSectionVisible" time="0.98"/>
</testsuite> <!-- ContactUsPage_UI - Chrome -->
