<?xml version="1.0" encoding="UTF-8"?>
<!-- Generated by org.testng.reporters.JUnitXMLReporter -->
<testsuite ignored="0" hostname="DESKTOP-RGL2CCS" failures="0" tests="20" name="LoginPage_UI - Chrome" time="339.207" errors="0" timestamp="2025-09-15T14:59:27 IST">
  <testcase classname="com.ecom.tests.UI_LoginPageTest" name="verifyLogoImagePresence" time="1.177"/>
  <testcase classname="com.ecom.tests.UI_LoginPageTest" name="verifySignupButtonPresence" time="1.19"/>
  <testcase classname="com.ecom.tests.UI_LoginPageTest" name="verifySignupWithValidData" time="15.149"/>
  <testcase classname="com.ecom.tests.UI_LoginPageTest" name="verifySignupWithInvalidEmail" time="3.306"/>
  <testcase classname="com.ecom.tests.UI_LoginPageTest" name="verifySignupEdgeCases" time="13.158"/>
  <testcase classname="com.ecom.tests.UI_LoginPageTest" name="verifySignupEdgeCases" time="12.472"/>
  <testcase classname="com.ecom.tests.UI_LoginPageTest" name="verifySignupEdgeCases" time="16.958"/>
  <testcase classname="com.ecom.tests.UI_LoginPageTest" name="verifyLoginButtonIsVisibleOnSignupLoginPage" time="21.82"/>
  <testcase classname="com.ecom.tests.UI_LoginPageTest" name="verifyLoginEdgeCases" time="22.843"/>
  <testcase classname="com.ecom.tests.UI_LoginPageTest" name="verifyLoginEdgeCases" time="23.97"/>
  <testcase classname="com.ecom.tests.UI_LoginPageTest" name="verifyLoginEdgeCases" time="22.98"/>
  <testcase classname="com.ecom.tests.UI_LoginPageTest" name="verifyLoginEdgeCases" time="32.172"/>
  <testcase classname="com.ecom.tests.UI_LoginPageTest" name="verifyLoginEdgeCases" time="32.305"/>
  <testcase classname="com.ecom.tests.UI_LoginPageTest" name="verifyLoginEdgeCases" time="32.727"/>
  <testcase classname="com.ecom.tests.UI_LoginPageTest" name="verifyValidLogin" time="17.713"/>
  <testcase classname="com.ecom.tests.UI_LoginPageTest" name="verifyScrollBarFunctionalityOnSignupLoginPage" time="11.658"/>
  <testcase classname="com.ecom.tests.UI_LoginPageTest" name="verifyScrollToTopArrowFunctionalityOnSignupLoginPage" time="13.733"/>
  <testcase classname="com.ecom.tests.UI_LoginPageTest" name="verifySubscriptionIconIsVisibleOnSignupLoginPage" time="11.599"/>
  <testcase classname="com.ecom.tests.UI_LoginPageTest" name="verifySignupLoginPageLabels" time="11.903"/>
  <testcase classname="com.ecom.tests.UI_LoginPageTest" name="verifyNavigationIconsOnSignupLoginPage" time="11.846"/>
</testsuite> <!-- LoginPage_UI - Chrome -->
