<?xml version="1.0" encoding="UTF-8"?>
<!-- Generated by org.testng.reporters.JUnitXMLReporter -->
<testsuite ignored="0" hostname="DESKTOP-RGL2CCS" failures="1" tests="5" name="SubscriptionHome_UI - Chrome" time="27.883" errors="0" timestamp="2025-09-15T15:10:03 IST">
  <testcase classname="com.ecom.tests.SubscriptionHomePageTest_Functional" name="verifySubscriptionIconVisible" time="2.374"/>
  <testcase classname="com.ecom.tests.SubscriptionHomePageTest_Functional" name="verifySubscriptionEmpty" time="0.559"/>
  <testcase classname="com.ecom.tests.SubscriptionHomePageTest_Functional" name="verifySubscriptionInvalid" time="2.879"/>
  <testcase classname="com.ecom.tests.SubscriptionHomePageTest_Functional" name="verifySubscriptionValid" time="0.784"/>
  <testcase classname="com.ecom.tests.SubscriptionHomePageTest_Functional" name="verifySubscriptionUseralreadyExist" time="1.278">
    <failure type="java.lang.AssertionError" message="Subscription success message should NOT be displayed! expected [false] but found [true]">
      <![CDATA[java.lang.AssertionError: Subscription success message should NOT be displayed! expected [false] but found [true]
at com.ecom.tests.SubscriptionHomePageTest_Functional.verifySubscriptionUseralreadyExist(SubscriptionHomePageTest_Functional.java:127)
at java.base/java.util.ArrayList.forEach(ArrayList.java:1511)
... Removed 30 stack frames]]>
    </failure>
  </testcase> <!-- verifySubscriptionUseralreadyExist -->
</testsuite> <!-- SubscriptionHome_UI - Chrome -->
